[2024-06-14 05:55:35,631] {scheduler_job.py:182} INFO - Started process (PID=3098) to work on /opt/airflow/dags/mysql_import_dag.py
[2024-06-14 05:55:35,632] {scheduler_job.py:629} INFO - Processing file /opt/airflow/dags/mysql_import_dag.py for tasks to queue
[2024-06-14 05:55:35,633] {logging_mixin.py:104} INFO - [2024-06-14 05:55:35,633] {dagbag.py:451} INFO - Filling up the DagBag from /opt/airflow/dags/mysql_import_dag.py
[2024-06-14 05:55:38,314] {scheduler_job.py:639} INFO - DAG(s) dict_keys(['mysql_import_dag']) retrieved from /opt/airflow/dags/mysql_import_dag.py
[2024-06-14 05:55:38,366] {logging_mixin.py:104} INFO - [2024-06-14 05:55:38,366] {dag.py:1824} INFO - Sync 1 DAGs
[2024-06-14 05:55:38,386] {logging_mixin.py:104} INFO - [2024-06-14 05:55:38,386] {dag.py:1843} INFO - Creating ORM DAG for mysql_import_dag
[2024-06-14 05:55:38,403] {logging_mixin.py:104} INFO - [2024-06-14 05:55:38,402] {dag.py:2280} INFO - Setting next_dagrun for mysql_import_dag to 2024-06-01T00:00:00+00:00
[2024-06-14 05:55:38,432] {scheduler_job.py:190} INFO - Processing /opt/airflow/dags/mysql_import_dag.py took 2.804 seconds
[2024-06-14 05:56:08,887] {scheduler_job.py:182} INFO - Started process (PID=3125) to work on /opt/airflow/dags/mysql_import_dag.py
[2024-06-14 05:56:08,889] {scheduler_job.py:629} INFO - Processing file /opt/airflow/dags/mysql_import_dag.py for tasks to queue
[2024-06-14 05:56:08,890] {logging_mixin.py:104} INFO - [2024-06-14 05:56:08,890] {dagbag.py:451} INFO - Filling up the DagBag from /opt/airflow/dags/mysql_import_dag.py
[2024-06-14 05:56:09,390] {scheduler_job.py:639} INFO - DAG(s) dict_keys(['mysql_import_dag']) retrieved from /opt/airflow/dags/mysql_import_dag.py
[2024-06-14 05:56:09,437] {logging_mixin.py:104} INFO - [2024-06-14 05:56:09,437] {dag.py:1824} INFO - Sync 1 DAGs
[2024-06-14 05:56:09,461] {logging_mixin.py:104} INFO - [2024-06-14 05:56:09,461] {dag.py:2280} INFO - Setting next_dagrun for mysql_import_dag to 2024-06-01T00:00:00+00:00
[2024-06-14 05:56:09,484] {scheduler_job.py:190} INFO - Processing /opt/airflow/dags/mysql_import_dag.py took 0.602 seconds
[2024-06-14 05:56:40,483] {scheduler_job.py:182} INFO - Started process (PID=3152) to work on /opt/airflow/dags/mysql_import_dag.py
[2024-06-14 05:56:40,495] {scheduler_job.py:629} INFO - Processing file /opt/airflow/dags/mysql_import_dag.py for tasks to queue
[2024-06-14 05:56:40,502] {logging_mixin.py:104} INFO - [2024-06-14 05:56:40,501] {dagbag.py:451} INFO - Filling up the DagBag from /opt/airflow/dags/mysql_import_dag.py
[2024-06-14 05:56:42,361] {scheduler_job.py:639} INFO - DAG(s) dict_keys(['mysql_import_dag']) retrieved from /opt/airflow/dags/mysql_import_dag.py
[2024-06-14 05:56:42,422] {logging_mixin.py:104} INFO - [2024-06-14 05:56:42,422] {dag.py:1824} INFO - Sync 1 DAGs
[2024-06-14 05:56:42,446] {logging_mixin.py:104} INFO - [2024-06-14 05:56:42,446] {dag.py:2280} INFO - Setting next_dagrun for mysql_import_dag to 2024-06-01T00:00:00+00:00
[2024-06-14 05:56:42,468] {scheduler_job.py:190} INFO - Processing /opt/airflow/dags/mysql_import_dag.py took 2.018 seconds
[2024-06-14 05:57:12,498] {scheduler_job.py:182} INFO - Started process (PID=3179) to work on /opt/airflow/dags/mysql_import_dag.py
[2024-06-14 05:57:12,500] {scheduler_job.py:629} INFO - Processing file /opt/airflow/dags/mysql_import_dag.py for tasks to queue
[2024-06-14 05:57:12,501] {logging_mixin.py:104} INFO - [2024-06-14 05:57:12,501] {dagbag.py:451} INFO - Filling up the DagBag from /opt/airflow/dags/mysql_import_dag.py
[2024-06-14 05:57:13,651] {scheduler_job.py:639} INFO - DAG(s) dict_keys(['mysql_import_dag']) retrieved from /opt/airflow/dags/mysql_import_dag.py
[2024-06-14 05:57:13,727] {logging_mixin.py:104} INFO - [2024-06-14 05:57:13,727] {dag.py:1824} INFO - Sync 1 DAGs
[2024-06-14 05:57:13,764] {logging_mixin.py:104} INFO - [2024-06-14 05:57:13,764] {dag.py:2280} INFO - Setting next_dagrun for mysql_import_dag to 2024-06-01T00:00:00+00:00
[2024-06-14 05:57:13,787] {scheduler_job.py:190} INFO - Processing /opt/airflow/dags/mysql_import_dag.py took 1.293 seconds
[2024-06-14 05:57:44,406] {scheduler_job.py:182} INFO - Started process (PID=3206) to work on /opt/airflow/dags/mysql_import_dag.py
[2024-06-14 05:57:44,408] {scheduler_job.py:629} INFO - Processing file /opt/airflow/dags/mysql_import_dag.py for tasks to queue
[2024-06-14 05:57:44,409] {logging_mixin.py:104} INFO - [2024-06-14 05:57:44,409] {dagbag.py:451} INFO - Filling up the DagBag from /opt/airflow/dags/mysql_import_dag.py
[2024-06-14 05:57:44,774] {scheduler_job.py:639} INFO - DAG(s) dict_keys(['mysql_import_dag']) retrieved from /opt/airflow/dags/mysql_import_dag.py
[2024-06-14 05:57:44,792] {logging_mixin.py:104} INFO - [2024-06-14 05:57:44,792] {dag.py:1824} INFO - Sync 1 DAGs
[2024-06-14 05:57:44,811] {logging_mixin.py:104} INFO - [2024-06-14 05:57:44,811] {dag.py:2280} INFO - Setting next_dagrun for mysql_import_dag to 2024-06-01T00:00:00+00:00
[2024-06-14 05:57:44,839] {scheduler_job.py:190} INFO - Processing /opt/airflow/dags/mysql_import_dag.py took 0.437 seconds
[2024-06-14 05:58:14,891] {scheduler_job.py:182} INFO - Started process (PID=3233) to work on /opt/airflow/dags/mysql_import_dag.py
[2024-06-14 05:58:14,893] {scheduler_job.py:629} INFO - Processing file /opt/airflow/dags/mysql_import_dag.py for tasks to queue
[2024-06-14 05:58:14,894] {logging_mixin.py:104} INFO - [2024-06-14 05:58:14,894] {dagbag.py:451} INFO - Filling up the DagBag from /opt/airflow/dags/mysql_import_dag.py
[2024-06-14 05:58:15,693] {scheduler_job.py:639} INFO - DAG(s) dict_keys(['mysql_import_dag']) retrieved from /opt/airflow/dags/mysql_import_dag.py
[2024-06-14 05:58:15,757] {logging_mixin.py:104} INFO - [2024-06-14 05:58:15,757] {dag.py:1824} INFO - Sync 1 DAGs
[2024-06-14 05:58:15,783] {logging_mixin.py:104} INFO - [2024-06-14 05:58:15,783] {dag.py:2280} INFO - Setting next_dagrun for mysql_import_dag to 2024-06-01T00:00:00+00:00
[2024-06-14 05:58:15,794] {scheduler_job.py:190} INFO - Processing /opt/airflow/dags/mysql_import_dag.py took 0.911 seconds
[2024-06-14 05:58:46,412] {scheduler_job.py:182} INFO - Started process (PID=3260) to work on /opt/airflow/dags/mysql_import_dag.py
[2024-06-14 05:58:46,414] {scheduler_job.py:629} INFO - Processing file /opt/airflow/dags/mysql_import_dag.py for tasks to queue
[2024-06-14 05:58:46,415] {logging_mixin.py:104} INFO - [2024-06-14 05:58:46,415] {dagbag.py:451} INFO - Filling up the DagBag from /opt/airflow/dags/mysql_import_dag.py
[2024-06-14 05:58:46,861] {scheduler_job.py:639} INFO - DAG(s) dict_keys(['mysql_import_dag']) retrieved from /opt/airflow/dags/mysql_import_dag.py
[2024-06-14 05:58:46,886] {logging_mixin.py:104} INFO - [2024-06-14 05:58:46,886] {dag.py:1824} INFO - Sync 1 DAGs
[2024-06-14 05:58:46,911] {logging_mixin.py:104} INFO - [2024-06-14 05:58:46,910] {dag.py:2280} INFO - Setting next_dagrun for mysql_import_dag to 2024-06-01T00:00:00+00:00
[2024-06-14 05:58:46,923] {scheduler_job.py:190} INFO - Processing /opt/airflow/dags/mysql_import_dag.py took 0.516 seconds
[2024-06-14 05:59:17,685] {scheduler_job.py:182} INFO - Started process (PID=3287) to work on /opt/airflow/dags/mysql_import_dag.py
[2024-06-14 05:59:17,686] {scheduler_job.py:629} INFO - Processing file /opt/airflow/dags/mysql_import_dag.py for tasks to queue
[2024-06-14 05:59:17,687] {logging_mixin.py:104} INFO - [2024-06-14 05:59:17,687] {dagbag.py:451} INFO - Filling up the DagBag from /opt/airflow/dags/mysql_import_dag.py
[2024-06-14 05:59:18,192] {scheduler_job.py:639} INFO - DAG(s) dict_keys(['mysql_import_dag']) retrieved from /opt/airflow/dags/mysql_import_dag.py
[2024-06-14 05:59:18,214] {logging_mixin.py:104} INFO - [2024-06-14 05:59:18,214] {dag.py:1824} INFO - Sync 1 DAGs
[2024-06-14 05:59:18,238] {logging_mixin.py:104} INFO - [2024-06-14 05:59:18,238] {dag.py:2280} INFO - Setting next_dagrun for mysql_import_dag to 2024-06-01T00:00:00+00:00
[2024-06-14 05:59:18,248] {scheduler_job.py:190} INFO - Processing /opt/airflow/dags/mysql_import_dag.py took 0.568 seconds
[2024-06-14 05:59:48,412] {scheduler_job.py:182} INFO - Started process (PID=3314) to work on /opt/airflow/dags/mysql_import_dag.py
[2024-06-14 05:59:48,419] {scheduler_job.py:629} INFO - Processing file /opt/airflow/dags/mysql_import_dag.py for tasks to queue
[2024-06-14 05:59:48,424] {logging_mixin.py:104} INFO - [2024-06-14 05:59:48,424] {dagbag.py:451} INFO - Filling up the DagBag from /opt/airflow/dags/mysql_import_dag.py
[2024-06-14 05:59:48,986] {scheduler_job.py:639} INFO - DAG(s) dict_keys(['mysql_import_dag']) retrieved from /opt/airflow/dags/mysql_import_dag.py
[2024-06-14 05:59:49,010] {logging_mixin.py:104} INFO - [2024-06-14 05:59:49,010] {dag.py:1824} INFO - Sync 1 DAGs
[2024-06-14 05:59:49,031] {logging_mixin.py:104} INFO - [2024-06-14 05:59:49,031] {dag.py:2280} INFO - Setting next_dagrun for mysql_import_dag to 2024-06-01T00:00:00+00:00
[2024-06-14 05:59:49,044] {scheduler_job.py:190} INFO - Processing /opt/airflow/dags/mysql_import_dag.py took 0.637 seconds
[2024-06-14 06:00:19,660] {scheduler_job.py:182} INFO - Started process (PID=3341) to work on /opt/airflow/dags/mysql_import_dag.py
[2024-06-14 06:00:19,661] {scheduler_job.py:629} INFO - Processing file /opt/airflow/dags/mysql_import_dag.py for tasks to queue
[2024-06-14 06:00:19,661] {logging_mixin.py:104} INFO - [2024-06-14 06:00:19,661] {dagbag.py:451} INFO - Filling up the DagBag from /opt/airflow/dags/mysql_import_dag.py
[2024-06-14 06:00:20,285] {scheduler_job.py:639} INFO - DAG(s) dict_keys(['mysql_import_dag']) retrieved from /opt/airflow/dags/mysql_import_dag.py
[2024-06-14 06:00:20,308] {logging_mixin.py:104} INFO - [2024-06-14 06:00:20,308] {dag.py:1824} INFO - Sync 1 DAGs
[2024-06-14 06:00:20,334] {logging_mixin.py:104} INFO - [2024-06-14 06:00:20,333] {dag.py:2280} INFO - Setting next_dagrun for mysql_import_dag to 2024-06-01T00:00:00+00:00
[2024-06-14 06:00:20,348] {scheduler_job.py:190} INFO - Processing /opt/airflow/dags/mysql_import_dag.py took 0.691 seconds
[2024-06-14 06:00:50,555] {scheduler_job.py:182} INFO - Started process (PID=3368) to work on /opt/airflow/dags/mysql_import_dag.py
[2024-06-14 06:00:50,561] {scheduler_job.py:629} INFO - Processing file /opt/airflow/dags/mysql_import_dag.py for tasks to queue
[2024-06-14 06:00:50,562] {logging_mixin.py:104} INFO - [2024-06-14 06:00:50,562] {dagbag.py:451} INFO - Filling up the DagBag from /opt/airflow/dags/mysql_import_dag.py
[2024-06-14 06:00:51,294] {scheduler_job.py:639} INFO - DAG(s) dict_keys(['mysql_import_dag']) retrieved from /opt/airflow/dags/mysql_import_dag.py
[2024-06-14 06:00:51,314] {logging_mixin.py:104} INFO - [2024-06-14 06:00:51,314] {dag.py:1824} INFO - Sync 1 DAGs
[2024-06-14 06:00:51,340] {logging_mixin.py:104} INFO - [2024-06-14 06:00:51,340] {dag.py:2280} INFO - Setting next_dagrun for mysql_import_dag to 2024-06-01T00:00:00+00:00
[2024-06-14 06:00:51,353] {scheduler_job.py:190} INFO - Processing /opt/airflow/dags/mysql_import_dag.py took 0.807 seconds
[2024-06-14 06:01:22,052] {scheduler_job.py:182} INFO - Started process (PID=3402) to work on /opt/airflow/dags/mysql_import_dag.py
[2024-06-14 06:01:22,053] {scheduler_job.py:629} INFO - Processing file /opt/airflow/dags/mysql_import_dag.py for tasks to queue
[2024-06-14 06:01:22,054] {logging_mixin.py:104} INFO - [2024-06-14 06:01:22,054] {dagbag.py:451} INFO - Filling up the DagBag from /opt/airflow/dags/mysql_import_dag.py
[2024-06-14 06:01:22,638] {scheduler_job.py:639} INFO - DAG(s) dict_keys(['mysql_import_dag']) retrieved from /opt/airflow/dags/mysql_import_dag.py
[2024-06-14 06:01:22,687] {logging_mixin.py:104} INFO - [2024-06-14 06:01:22,687] {dag.py:1824} INFO - Sync 1 DAGs
[2024-06-14 06:01:22,709] {logging_mixin.py:104} INFO - [2024-06-14 06:01:22,708] {dag.py:2280} INFO - Setting next_dagrun for mysql_import_dag to 2024-06-01T00:00:00+00:00
[2024-06-14 06:01:22,724] {scheduler_job.py:190} INFO - Processing /opt/airflow/dags/mysql_import_dag.py took 0.676 seconds
[2024-06-14 06:01:53,020] {scheduler_job.py:182} INFO - Started process (PID=3428) to work on /opt/airflow/dags/mysql_import_dag.py
[2024-06-14 06:01:53,032] {scheduler_job.py:629} INFO - Processing file /opt/airflow/dags/mysql_import_dag.py for tasks to queue
[2024-06-14 06:01:53,033] {logging_mixin.py:104} INFO - [2024-06-14 06:01:53,033] {dagbag.py:451} INFO - Filling up the DagBag from /opt/airflow/dags/mysql_import_dag.py
[2024-06-14 06:01:53,999] {scheduler_job.py:639} INFO - DAG(s) dict_keys(['mysql_import_dag']) retrieved from /opt/airflow/dags/mysql_import_dag.py
[2024-06-14 06:01:54,030] {logging_mixin.py:104} INFO - [2024-06-14 06:01:54,022] {dag.py:1824} INFO - Sync 1 DAGs
[2024-06-14 06:01:54,074] {logging_mixin.py:104} INFO - [2024-06-14 06:01:54,074] {dag.py:2280} INFO - Setting next_dagrun for mysql_import_dag to 2024-06-01T00:00:00+00:00
[2024-06-14 06:01:54,093] {scheduler_job.py:190} INFO - Processing /opt/airflow/dags/mysql_import_dag.py took 1.078 seconds
[2024-06-14 06:02:24,914] {scheduler_job.py:182} INFO - Started process (PID=3457) to work on /opt/airflow/dags/mysql_import_dag.py
[2024-06-14 06:02:24,923] {scheduler_job.py:629} INFO - Processing file /opt/airflow/dags/mysql_import_dag.py for tasks to queue
[2024-06-14 06:02:24,926] {logging_mixin.py:104} INFO - [2024-06-14 06:02:24,926] {dagbag.py:451} INFO - Filling up the DagBag from /opt/airflow/dags/mysql_import_dag.py
[2024-06-14 06:02:25,979] {scheduler_job.py:639} INFO - DAG(s) dict_keys(['mysql_import_dag']) retrieved from /opt/airflow/dags/mysql_import_dag.py
[2024-06-14 06:02:26,020] {logging_mixin.py:104} INFO - [2024-06-14 06:02:26,020] {dag.py:1824} INFO - Sync 1 DAGs
[2024-06-14 06:02:26,061] {logging_mixin.py:104} INFO - [2024-06-14 06:02:26,061] {dag.py:2280} INFO - Setting next_dagrun for mysql_import_dag to 2024-06-01T00:00:00+00:00
[2024-06-14 06:02:26,088] {scheduler_job.py:190} INFO - Processing /opt/airflow/dags/mysql_import_dag.py took 1.178 seconds
[2024-06-14 06:02:56,178] {scheduler_job.py:182} INFO - Started process (PID=3485) to work on /opt/airflow/dags/mysql_import_dag.py
[2024-06-14 06:02:56,184] {scheduler_job.py:629} INFO - Processing file /opt/airflow/dags/mysql_import_dag.py for tasks to queue
[2024-06-14 06:02:56,185] {logging_mixin.py:104} INFO - [2024-06-14 06:02:56,185] {dagbag.py:451} INFO - Filling up the DagBag from /opt/airflow/dags/mysql_import_dag.py
[2024-06-14 06:02:57,727] {scheduler_job.py:639} INFO - DAG(s) dict_keys(['mysql_import_dag']) retrieved from /opt/airflow/dags/mysql_import_dag.py
[2024-06-14 06:02:57,752] {logging_mixin.py:104} INFO - [2024-06-14 06:02:57,752] {dag.py:1824} INFO - Sync 1 DAGs
[2024-06-14 06:02:57,788] {logging_mixin.py:104} INFO - [2024-06-14 06:02:57,788] {dag.py:2280} INFO - Setting next_dagrun for mysql_import_dag to 2024-06-01T00:00:00+00:00
[2024-06-14 06:02:57,808] {scheduler_job.py:190} INFO - Processing /opt/airflow/dags/mysql_import_dag.py took 1.637 seconds
[2024-06-14 06:03:28,124] {scheduler_job.py:182} INFO - Started process (PID=3514) to work on /opt/airflow/dags/mysql_import_dag.py
[2024-06-14 06:03:28,136] {scheduler_job.py:629} INFO - Processing file /opt/airflow/dags/mysql_import_dag.py for tasks to queue
[2024-06-14 06:03:28,146] {logging_mixin.py:104} INFO - [2024-06-14 06:03:28,145] {dagbag.py:451} INFO - Filling up the DagBag from /opt/airflow/dags/mysql_import_dag.py
[2024-06-14 06:03:29,849] {scheduler_job.py:639} INFO - DAG(s) dict_keys(['mysql_import_dag']) retrieved from /opt/airflow/dags/mysql_import_dag.py
[2024-06-14 06:03:29,900] {logging_mixin.py:104} INFO - [2024-06-14 06:03:29,899] {dag.py:1824} INFO - Sync 1 DAGs
[2024-06-14 06:03:29,944] {logging_mixin.py:104} INFO - [2024-06-14 06:03:29,944] {dag.py:2280} INFO - Setting next_dagrun for mysql_import_dag to 2024-06-01T00:00:00+00:00
[2024-06-14 06:03:29,959] {scheduler_job.py:190} INFO - Processing /opt/airflow/dags/mysql_import_dag.py took 1.885 seconds
[2024-06-14 06:04:00,064] {scheduler_job.py:182} INFO - Started process (PID=3543) to work on /opt/airflow/dags/mysql_import_dag.py
[2024-06-14 06:04:00,080] {scheduler_job.py:629} INFO - Processing file /opt/airflow/dags/mysql_import_dag.py for tasks to queue
[2024-06-14 06:04:00,083] {logging_mixin.py:104} INFO - [2024-06-14 06:04:00,083] {dagbag.py:451} INFO - Filling up the DagBag from /opt/airflow/dags/mysql_import_dag.py
[2024-06-14 06:04:00,794] {scheduler_job.py:639} INFO - DAG(s) dict_keys(['mysql_import_dag']) retrieved from /opt/airflow/dags/mysql_import_dag.py
[2024-06-14 06:04:00,825] {logging_mixin.py:104} INFO - [2024-06-14 06:04:00,825] {dag.py:1824} INFO - Sync 1 DAGs
[2024-06-14 06:04:00,873] {logging_mixin.py:104} INFO - [2024-06-14 06:04:00,873] {dag.py:2280} INFO - Setting next_dagrun for mysql_import_dag to 2024-06-01T00:00:00+00:00
[2024-06-14 06:04:00,888] {scheduler_job.py:190} INFO - Processing /opt/airflow/dags/mysql_import_dag.py took 0.828 seconds
[2024-06-14 06:04:31,260] {scheduler_job.py:182} INFO - Started process (PID=3573) to work on /opt/airflow/dags/mysql_import_dag.py
[2024-06-14 06:04:31,272] {scheduler_job.py:629} INFO - Processing file /opt/airflow/dags/mysql_import_dag.py for tasks to queue
[2024-06-14 06:04:31,274] {logging_mixin.py:104} INFO - [2024-06-14 06:04:31,274] {dagbag.py:451} INFO - Filling up the DagBag from /opt/airflow/dags/mysql_import_dag.py
[2024-06-14 06:04:31,991] {scheduler_job.py:639} INFO - DAG(s) dict_keys(['mysql_import_dag']) retrieved from /opt/airflow/dags/mysql_import_dag.py
[2024-06-14 06:04:32,011] {logging_mixin.py:104} INFO - [2024-06-14 06:04:32,010] {dag.py:1824} INFO - Sync 1 DAGs
[2024-06-14 06:04:32,029] {logging_mixin.py:104} INFO - [2024-06-14 06:04:32,029] {dag.py:2280} INFO - Setting next_dagrun for mysql_import_dag to 2024-06-01T00:00:00+00:00
[2024-06-14 06:04:32,038] {scheduler_job.py:190} INFO - Processing /opt/airflow/dags/mysql_import_dag.py took 0.792 seconds
[2024-06-14 06:05:02,309] {scheduler_job.py:182} INFO - Started process (PID=3601) to work on /opt/airflow/dags/mysql_import_dag.py
[2024-06-14 06:05:02,311] {scheduler_job.py:629} INFO - Processing file /opt/airflow/dags/mysql_import_dag.py for tasks to queue
[2024-06-14 06:05:02,323] {logging_mixin.py:104} INFO - [2024-06-14 06:05:02,323] {dagbag.py:451} INFO - Filling up the DagBag from /opt/airflow/dags/mysql_import_dag.py
[2024-06-14 06:05:02,930] {scheduler_job.py:639} INFO - DAG(s) dict_keys(['mysql_import_dag']) retrieved from /opt/airflow/dags/mysql_import_dag.py
[2024-06-14 06:05:02,959] {logging_mixin.py:104} INFO - [2024-06-14 06:05:02,959] {dag.py:1824} INFO - Sync 1 DAGs
[2024-06-14 06:05:03,013] {logging_mixin.py:104} INFO - [2024-06-14 06:05:03,013] {dag.py:2280} INFO - Setting next_dagrun for mysql_import_dag to 2024-06-01T00:00:00+00:00
[2024-06-14 06:05:03,071] {scheduler_job.py:190} INFO - Processing /opt/airflow/dags/mysql_import_dag.py took 0.767 seconds
[2024-06-14 06:05:33,311] {scheduler_job.py:182} INFO - Started process (PID=3630) to work on /opt/airflow/dags/mysql_import_dag.py
[2024-06-14 06:05:33,312] {scheduler_job.py:629} INFO - Processing file /opt/airflow/dags/mysql_import_dag.py for tasks to queue
[2024-06-14 06:05:33,313] {logging_mixin.py:104} INFO - [2024-06-14 06:05:33,313] {dagbag.py:451} INFO - Filling up the DagBag from /opt/airflow/dags/mysql_import_dag.py
[2024-06-14 06:05:33,785] {scheduler_job.py:639} INFO - DAG(s) dict_keys(['mysql_import_dag']) retrieved from /opt/airflow/dags/mysql_import_dag.py
[2024-06-14 06:05:33,799] {logging_mixin.py:104} INFO - [2024-06-14 06:05:33,799] {dag.py:1824} INFO - Sync 1 DAGs
[2024-06-14 06:05:33,815] {logging_mixin.py:104} INFO - [2024-06-14 06:05:33,814] {dag.py:2280} INFO - Setting next_dagrun for mysql_import_dag to 2024-06-01T00:00:00+00:00
[2024-06-14 06:05:33,826] {scheduler_job.py:190} INFO - Processing /opt/airflow/dags/mysql_import_dag.py took 0.519 seconds
[2024-06-14 06:06:04,949] {scheduler_job.py:182} INFO - Started process (PID=3659) to work on /opt/airflow/dags/mysql_import_dag.py
[2024-06-14 06:06:04,951] {scheduler_job.py:629} INFO - Processing file /opt/airflow/dags/mysql_import_dag.py for tasks to queue
[2024-06-14 06:06:05,035] {logging_mixin.py:104} INFO - [2024-06-14 06:06:05,035] {dagbag.py:451} INFO - Filling up the DagBag from /opt/airflow/dags/mysql_import_dag.py
[2024-06-14 06:06:05,888] {scheduler_job.py:639} INFO - DAG(s) dict_keys(['mysql_import_dag']) retrieved from /opt/airflow/dags/mysql_import_dag.py
[2024-06-14 06:06:05,923] {logging_mixin.py:104} INFO - [2024-06-14 06:06:05,923] {dag.py:1824} INFO - Sync 1 DAGs
[2024-06-14 06:06:05,956] {logging_mixin.py:104} INFO - [2024-06-14 06:06:05,956] {dag.py:2280} INFO - Setting next_dagrun for mysql_import_dag to 2024-06-01T00:00:00+00:00
[2024-06-14 06:06:05,968] {scheduler_job.py:190} INFO - Processing /opt/airflow/dags/mysql_import_dag.py took 1.024 seconds
[2024-06-14 06:06:36,450] {scheduler_job.py:182} INFO - Started process (PID=3686) to work on /opt/airflow/dags/mysql_import_dag.py
[2024-06-14 06:06:36,452] {scheduler_job.py:629} INFO - Processing file /opt/airflow/dags/mysql_import_dag.py for tasks to queue
[2024-06-14 06:06:36,453] {logging_mixin.py:104} INFO - [2024-06-14 06:06:36,453] {dagbag.py:451} INFO - Filling up the DagBag from /opt/airflow/dags/mysql_import_dag.py
[2024-06-14 06:06:37,223] {scheduler_job.py:639} INFO - DAG(s) dict_keys(['mysql_import_dag']) retrieved from /opt/airflow/dags/mysql_import_dag.py
[2024-06-14 06:06:37,246] {logging_mixin.py:104} INFO - [2024-06-14 06:06:37,246] {dag.py:1824} INFO - Sync 1 DAGs
[2024-06-14 06:06:37,267] {logging_mixin.py:104} INFO - [2024-06-14 06:06:37,267] {dag.py:2280} INFO - Setting next_dagrun for mysql_import_dag to 2024-06-01T00:00:00+00:00
[2024-06-14 06:06:37,284] {scheduler_job.py:190} INFO - Processing /opt/airflow/dags/mysql_import_dag.py took 0.840 seconds
[2024-06-14 06:07:08,098] {scheduler_job.py:182} INFO - Started process (PID=3715) to work on /opt/airflow/dags/mysql_import_dag.py
[2024-06-14 06:07:08,100] {scheduler_job.py:629} INFO - Processing file /opt/airflow/dags/mysql_import_dag.py for tasks to queue
[2024-06-14 06:07:08,102] {logging_mixin.py:104} INFO - [2024-06-14 06:07:08,102] {dagbag.py:451} INFO - Filling up the DagBag from /opt/airflow/dags/mysql_import_dag.py
[2024-06-14 06:07:08,785] {scheduler_job.py:639} INFO - DAG(s) dict_keys(['mysql_import_dag']) retrieved from /opt/airflow/dags/mysql_import_dag.py
[2024-06-14 06:07:08,803] {logging_mixin.py:104} INFO - [2024-06-14 06:07:08,803] {dag.py:1824} INFO - Sync 1 DAGs
[2024-06-14 06:07:08,821] {logging_mixin.py:104} INFO - [2024-06-14 06:07:08,820] {dag.py:2280} INFO - Setting next_dagrun for mysql_import_dag to 2024-06-01T00:00:00+00:00
[2024-06-14 06:07:08,848] {scheduler_job.py:190} INFO - Processing /opt/airflow/dags/mysql_import_dag.py took 0.754 seconds
[2024-06-14 06:07:38,972] {scheduler_job.py:182} INFO - Started process (PID=3744) to work on /opt/airflow/dags/mysql_import_dag.py
[2024-06-14 06:07:38,974] {scheduler_job.py:629} INFO - Processing file /opt/airflow/dags/mysql_import_dag.py for tasks to queue
[2024-06-14 06:07:38,975] {logging_mixin.py:104} INFO - [2024-06-14 06:07:38,975] {dagbag.py:451} INFO - Filling up the DagBag from /opt/airflow/dags/mysql_import_dag.py
[2024-06-14 06:07:39,332] {scheduler_job.py:639} INFO - DAG(s) dict_keys(['mysql_import_dag']) retrieved from /opt/airflow/dags/mysql_import_dag.py
[2024-06-14 06:07:39,367] {logging_mixin.py:104} INFO - [2024-06-14 06:07:39,367] {dag.py:1824} INFO - Sync 1 DAGs
[2024-06-14 06:07:39,415] {logging_mixin.py:104} INFO - [2024-06-14 06:07:39,410] {dag.py:2280} INFO - Setting next_dagrun for mysql_import_dag to 2024-06-01T00:00:00+00:00
[2024-06-14 06:07:39,426] {scheduler_job.py:190} INFO - Processing /opt/airflow/dags/mysql_import_dag.py took 0.460 seconds
[2024-06-14 06:08:10,469] {scheduler_job.py:182} INFO - Started process (PID=3771) to work on /opt/airflow/dags/mysql_import_dag.py
[2024-06-14 06:08:10,470] {scheduler_job.py:629} INFO - Processing file /opt/airflow/dags/mysql_import_dag.py for tasks to queue
[2024-06-14 06:08:10,472] {logging_mixin.py:104} INFO - [2024-06-14 06:08:10,472] {dagbag.py:451} INFO - Filling up the DagBag from /opt/airflow/dags/mysql_import_dag.py
[2024-06-14 06:08:10,923] {scheduler_job.py:639} INFO - DAG(s) dict_keys(['mysql_import_dag']) retrieved from /opt/airflow/dags/mysql_import_dag.py
[2024-06-14 06:08:10,945] {logging_mixin.py:104} INFO - [2024-06-14 06:08:10,945] {dag.py:1824} INFO - Sync 1 DAGs
[2024-06-14 06:08:10,966] {logging_mixin.py:104} INFO - [2024-06-14 06:08:10,966] {dag.py:2280} INFO - Setting next_dagrun for mysql_import_dag to 2024-06-01T00:00:00+00:00
[2024-06-14 06:08:10,984] {scheduler_job.py:190} INFO - Processing /opt/airflow/dags/mysql_import_dag.py took 0.521 seconds
[2024-06-14 06:08:41,704] {scheduler_job.py:182} INFO - Started process (PID=3798) to work on /opt/airflow/dags/mysql_import_dag.py
[2024-06-14 06:08:41,705] {scheduler_job.py:629} INFO - Processing file /opt/airflow/dags/mysql_import_dag.py for tasks to queue
[2024-06-14 06:08:41,706] {logging_mixin.py:104} INFO - [2024-06-14 06:08:41,706] {dagbag.py:451} INFO - Filling up the DagBag from /opt/airflow/dags/mysql_import_dag.py
[2024-06-14 06:08:42,215] {scheduler_job.py:639} INFO - DAG(s) dict_keys(['mysql_import_dag']) retrieved from /opt/airflow/dags/mysql_import_dag.py
[2024-06-14 06:08:42,234] {logging_mixin.py:104} INFO - [2024-06-14 06:08:42,234] {dag.py:1824} INFO - Sync 1 DAGs
[2024-06-14 06:08:42,256] {logging_mixin.py:104} INFO - [2024-06-14 06:08:42,255] {dag.py:2280} INFO - Setting next_dagrun for mysql_import_dag to 2024-06-01T00:00:00+00:00
[2024-06-14 06:08:42,271] {scheduler_job.py:190} INFO - Processing /opt/airflow/dags/mysql_import_dag.py took 0.570 seconds
[2024-06-14 06:09:12,773] {scheduler_job.py:182} INFO - Started process (PID=3825) to work on /opt/airflow/dags/mysql_import_dag.py
[2024-06-14 06:09:12,774] {scheduler_job.py:629} INFO - Processing file /opt/airflow/dags/mysql_import_dag.py for tasks to queue
[2024-06-14 06:09:12,775] {logging_mixin.py:104} INFO - [2024-06-14 06:09:12,775] {dagbag.py:451} INFO - Filling up the DagBag from /opt/airflow/dags/mysql_import_dag.py
[2024-06-14 06:09:13,148] {scheduler_job.py:639} INFO - DAG(s) dict_keys(['mysql_import_dag']) retrieved from /opt/airflow/dags/mysql_import_dag.py
[2024-06-14 06:09:13,166] {logging_mixin.py:104} INFO - [2024-06-14 06:09:13,166] {dag.py:1824} INFO - Sync 1 DAGs
[2024-06-14 06:09:13,182] {logging_mixin.py:104} INFO - [2024-06-14 06:09:13,182] {dag.py:2280} INFO - Setting next_dagrun for mysql_import_dag to 2024-06-01T00:00:00+00:00
[2024-06-14 06:09:13,200] {scheduler_job.py:190} INFO - Processing /opt/airflow/dags/mysql_import_dag.py took 0.430 seconds
[2024-06-14 06:09:44,015] {scheduler_job.py:182} INFO - Started process (PID=3852) to work on /opt/airflow/dags/mysql_import_dag.py
[2024-06-14 06:09:44,016] {scheduler_job.py:629} INFO - Processing file /opt/airflow/dags/mysql_import_dag.py for tasks to queue
[2024-06-14 06:09:44,017] {logging_mixin.py:104} INFO - [2024-06-14 06:09:44,017] {dagbag.py:451} INFO - Filling up the DagBag from /opt/airflow/dags/mysql_import_dag.py
[2024-06-14 06:09:44,520] {scheduler_job.py:639} INFO - DAG(s) dict_keys(['mysql_import_dag']) retrieved from /opt/airflow/dags/mysql_import_dag.py
[2024-06-14 06:09:44,548] {logging_mixin.py:104} INFO - [2024-06-14 06:09:44,548] {dag.py:1824} INFO - Sync 1 DAGs
[2024-06-14 06:09:44,585] {logging_mixin.py:104} INFO - [2024-06-14 06:09:44,584] {dag.py:2280} INFO - Setting next_dagrun for mysql_import_dag to 2024-06-01T00:00:00+00:00
[2024-06-14 06:09:44,912] {scheduler_job.py:190} INFO - Processing /opt/airflow/dags/mysql_import_dag.py took 0.904 seconds
[2024-06-14 06:10:15,766] {scheduler_job.py:182} INFO - Started process (PID=3879) to work on /opt/airflow/dags/mysql_import_dag.py
[2024-06-14 06:10:15,768] {scheduler_job.py:629} INFO - Processing file /opt/airflow/dags/mysql_import_dag.py for tasks to queue
[2024-06-14 06:10:15,768] {logging_mixin.py:104} INFO - [2024-06-14 06:10:15,768] {dagbag.py:451} INFO - Filling up the DagBag from /opt/airflow/dags/mysql_import_dag.py
[2024-06-14 06:10:16,121] {scheduler_job.py:639} INFO - DAG(s) dict_keys(['mysql_import_dag']) retrieved from /opt/airflow/dags/mysql_import_dag.py
[2024-06-14 06:10:16,139] {logging_mixin.py:104} INFO - [2024-06-14 06:10:16,139] {dag.py:1824} INFO - Sync 1 DAGs
[2024-06-14 06:10:16,156] {logging_mixin.py:104} INFO - [2024-06-14 06:10:16,156] {dag.py:2280} INFO - Setting next_dagrun for mysql_import_dag to 2024-06-01T00:00:00+00:00
[2024-06-14 06:10:16,171] {scheduler_job.py:190} INFO - Processing /opt/airflow/dags/mysql_import_dag.py took 0.409 seconds
[2024-06-14 06:10:47,167] {scheduler_job.py:182} INFO - Started process (PID=3906) to work on /opt/airflow/dags/mysql_import_dag.py
[2024-06-14 06:10:47,172] {scheduler_job.py:629} INFO - Processing file /opt/airflow/dags/mysql_import_dag.py for tasks to queue
[2024-06-14 06:10:47,174] {logging_mixin.py:104} INFO - [2024-06-14 06:10:47,173] {dagbag.py:451} INFO - Filling up the DagBag from /opt/airflow/dags/mysql_import_dag.py
[2024-06-14 06:10:47,528] {scheduler_job.py:639} INFO - DAG(s) dict_keys(['mysql_import_dag']) retrieved from /opt/airflow/dags/mysql_import_dag.py
[2024-06-14 06:10:47,546] {logging_mixin.py:104} INFO - [2024-06-14 06:10:47,546] {dag.py:1824} INFO - Sync 1 DAGs
[2024-06-14 06:10:47,562] {logging_mixin.py:104} INFO - [2024-06-14 06:10:47,562] {dag.py:2280} INFO - Setting next_dagrun for mysql_import_dag to 2024-06-01T00:00:00+00:00
[2024-06-14 06:10:47,580] {scheduler_job.py:190} INFO - Processing /opt/airflow/dags/mysql_import_dag.py took 0.427 seconds
[2024-06-14 06:11:18,371] {scheduler_job.py:182} INFO - Started process (PID=3933) to work on /opt/airflow/dags/mysql_import_dag.py
[2024-06-14 06:11:18,372] {scheduler_job.py:629} INFO - Processing file /opt/airflow/dags/mysql_import_dag.py for tasks to queue
[2024-06-14 06:11:18,374] {logging_mixin.py:104} INFO - [2024-06-14 06:11:18,373] {dagbag.py:451} INFO - Filling up the DagBag from /opt/airflow/dags/mysql_import_dag.py
[2024-06-14 06:11:18,735] {scheduler_job.py:639} INFO - DAG(s) dict_keys(['mysql_import_dag']) retrieved from /opt/airflow/dags/mysql_import_dag.py
[2024-06-14 06:11:18,752] {logging_mixin.py:104} INFO - [2024-06-14 06:11:18,752] {dag.py:1824} INFO - Sync 1 DAGs
[2024-06-14 06:11:18,768] {logging_mixin.py:104} INFO - [2024-06-14 06:11:18,768] {dag.py:2280} INFO - Setting next_dagrun for mysql_import_dag to 2024-06-01T00:00:00+00:00
[2024-06-14 06:11:18,788] {scheduler_job.py:190} INFO - Processing /opt/airflow/dags/mysql_import_dag.py took 0.422 seconds
[2024-06-14 06:11:49,449] {scheduler_job.py:182} INFO - Started process (PID=3960) to work on /opt/airflow/dags/mysql_import_dag.py
[2024-06-14 06:11:49,451] {scheduler_job.py:629} INFO - Processing file /opt/airflow/dags/mysql_import_dag.py for tasks to queue
[2024-06-14 06:11:49,452] {logging_mixin.py:104} INFO - [2024-06-14 06:11:49,452] {dagbag.py:451} INFO - Filling up the DagBag from /opt/airflow/dags/mysql_import_dag.py
[2024-06-14 06:11:49,930] {scheduler_job.py:639} INFO - DAG(s) dict_keys(['mysql_import_dag']) retrieved from /opt/airflow/dags/mysql_import_dag.py
[2024-06-14 06:11:49,948] {logging_mixin.py:104} INFO - [2024-06-14 06:11:49,948] {dag.py:1824} INFO - Sync 1 DAGs
[2024-06-14 06:11:49,966] {logging_mixin.py:104} INFO - [2024-06-14 06:11:49,966] {dag.py:2280} INFO - Setting next_dagrun for mysql_import_dag to 2024-06-01T00:00:00+00:00
[2024-06-14 06:11:49,978] {scheduler_job.py:190} INFO - Processing /opt/airflow/dags/mysql_import_dag.py took 0.532 seconds
[2024-06-14 06:12:20,109] {scheduler_job.py:182} INFO - Started process (PID=3988) to work on /opt/airflow/dags/mysql_import_dag.py
[2024-06-14 06:12:20,110] {scheduler_job.py:629} INFO - Processing file /opt/airflow/dags/mysql_import_dag.py for tasks to queue
[2024-06-14 06:12:20,111] {logging_mixin.py:104} INFO - [2024-06-14 06:12:20,111] {dagbag.py:451} INFO - Filling up the DagBag from /opt/airflow/dags/mysql_import_dag.py
[2024-06-14 06:12:20,956] {scheduler_job.py:639} INFO - DAG(s) dict_keys(['mysql_import_dag']) retrieved from /opt/airflow/dags/mysql_import_dag.py
[2024-06-14 06:12:20,986] {logging_mixin.py:104} INFO - [2024-06-14 06:12:20,986] {dag.py:1824} INFO - Sync 1 DAGs
[2024-06-14 06:12:21,010] {logging_mixin.py:104} INFO - [2024-06-14 06:12:21,010] {dag.py:2280} INFO - Setting next_dagrun for mysql_import_dag to 2024-06-01T00:00:00+00:00
[2024-06-14 06:12:21,024] {scheduler_job.py:190} INFO - Processing /opt/airflow/dags/mysql_import_dag.py took 0.918 seconds
[2024-06-14 06:12:51,325] {scheduler_job.py:182} INFO - Started process (PID=4015) to work on /opt/airflow/dags/mysql_import_dag.py
[2024-06-14 06:12:51,327] {scheduler_job.py:629} INFO - Processing file /opt/airflow/dags/mysql_import_dag.py for tasks to queue
[2024-06-14 06:12:51,328] {logging_mixin.py:104} INFO - [2024-06-14 06:12:51,328] {dagbag.py:451} INFO - Filling up the DagBag from /opt/airflow/dags/mysql_import_dag.py
[2024-06-14 06:12:51,760] {scheduler_job.py:639} INFO - DAG(s) dict_keys(['mysql_import_dag']) retrieved from /opt/airflow/dags/mysql_import_dag.py
[2024-06-14 06:12:51,780] {logging_mixin.py:104} INFO - [2024-06-14 06:12:51,780] {dag.py:1824} INFO - Sync 1 DAGs
[2024-06-14 06:12:51,803] {logging_mixin.py:104} INFO - [2024-06-14 06:12:51,803] {dag.py:2280} INFO - Setting next_dagrun for mysql_import_dag to 2024-06-01T00:00:00+00:00
[2024-06-14 06:12:51,818] {scheduler_job.py:190} INFO - Processing /opt/airflow/dags/mysql_import_dag.py took 0.497 seconds
[2024-06-14 06:13:22,662] {scheduler_job.py:182} INFO - Started process (PID=4042) to work on /opt/airflow/dags/mysql_import_dag.py
[2024-06-14 06:13:22,664] {scheduler_job.py:629} INFO - Processing file /opt/airflow/dags/mysql_import_dag.py for tasks to queue
[2024-06-14 06:13:22,665] {logging_mixin.py:104} INFO - [2024-06-14 06:13:22,665] {dagbag.py:451} INFO - Filling up the DagBag from /opt/airflow/dags/mysql_import_dag.py
[2024-06-14 06:13:23,366] {scheduler_job.py:639} INFO - DAG(s) dict_keys(['mysql_import_dag']) retrieved from /opt/airflow/dags/mysql_import_dag.py
[2024-06-14 06:13:23,384] {logging_mixin.py:104} INFO - [2024-06-14 06:13:23,384] {dag.py:1824} INFO - Sync 1 DAGs
[2024-06-14 06:13:23,403] {logging_mixin.py:104} INFO - [2024-06-14 06:13:23,403] {dag.py:2280} INFO - Setting next_dagrun for mysql_import_dag to 2024-06-01T00:00:00+00:00
[2024-06-14 06:13:23,414] {scheduler_job.py:190} INFO - Processing /opt/airflow/dags/mysql_import_dag.py took 0.758 seconds
[2024-06-14 06:13:54,052] {scheduler_job.py:182} INFO - Started process (PID=4069) to work on /opt/airflow/dags/mysql_import_dag.py
[2024-06-14 06:13:54,062] {scheduler_job.py:629} INFO - Processing file /opt/airflow/dags/mysql_import_dag.py for tasks to queue
[2024-06-14 06:13:54,063] {logging_mixin.py:104} INFO - [2024-06-14 06:13:54,063] {dagbag.py:451} INFO - Filling up the DagBag from /opt/airflow/dags/mysql_import_dag.py
[2024-06-14 06:13:54,722] {scheduler_job.py:639} INFO - DAG(s) dict_keys(['mysql_import_dag']) retrieved from /opt/airflow/dags/mysql_import_dag.py
[2024-06-14 06:13:54,739] {logging_mixin.py:104} INFO - [2024-06-14 06:13:54,739] {dag.py:1824} INFO - Sync 1 DAGs
[2024-06-14 06:13:54,757] {logging_mixin.py:104} INFO - [2024-06-14 06:13:54,756] {dag.py:2280} INFO - Setting next_dagrun for mysql_import_dag to 2024-06-01T00:00:00+00:00
[2024-06-14 06:13:54,775] {scheduler_job.py:190} INFO - Processing /opt/airflow/dags/mysql_import_dag.py took 0.729 seconds
[2024-06-14 06:14:25,530] {scheduler_job.py:182} INFO - Started process (PID=4096) to work on /opt/airflow/dags/mysql_import_dag.py
[2024-06-14 06:14:25,533] {scheduler_job.py:629} INFO - Processing file /opt/airflow/dags/mysql_import_dag.py for tasks to queue
[2024-06-14 06:14:25,542] {logging_mixin.py:104} INFO - [2024-06-14 06:14:25,542] {dagbag.py:451} INFO - Filling up the DagBag from /opt/airflow/dags/mysql_import_dag.py
[2024-06-14 06:14:26,157] {scheduler_job.py:639} INFO - DAG(s) dict_keys(['mysql_import_dag']) retrieved from /opt/airflow/dags/mysql_import_dag.py
[2024-06-14 06:14:26,190] {logging_mixin.py:104} INFO - [2024-06-14 06:14:26,190] {dag.py:1824} INFO - Sync 1 DAGs
[2024-06-14 06:14:26,213] {logging_mixin.py:104} INFO - [2024-06-14 06:14:26,213] {dag.py:2280} INFO - Setting next_dagrun for mysql_import_dag to 2024-06-01T00:00:00+00:00
[2024-06-14 06:14:26,225] {scheduler_job.py:190} INFO - Processing /opt/airflow/dags/mysql_import_dag.py took 0.701 seconds
[2024-06-14 06:14:56,315] {scheduler_job.py:182} INFO - Started process (PID=4123) to work on /opt/airflow/dags/mysql_import_dag.py
[2024-06-14 06:14:56,317] {scheduler_job.py:629} INFO - Processing file /opt/airflow/dags/mysql_import_dag.py for tasks to queue
[2024-06-14 06:14:56,319] {logging_mixin.py:104} INFO - [2024-06-14 06:14:56,318] {dagbag.py:451} INFO - Filling up the DagBag from /opt/airflow/dags/mysql_import_dag.py
[2024-06-14 06:14:56,974] {scheduler_job.py:639} INFO - DAG(s) dict_keys(['mysql_import_dag']) retrieved from /opt/airflow/dags/mysql_import_dag.py
[2024-06-14 06:14:56,991] {logging_mixin.py:104} INFO - [2024-06-14 06:14:56,991] {dag.py:1824} INFO - Sync 1 DAGs
[2024-06-14 06:14:57,007] {logging_mixin.py:104} INFO - [2024-06-14 06:14:57,007] {dag.py:2280} INFO - Setting next_dagrun for mysql_import_dag to 2024-06-01T00:00:00+00:00
[2024-06-14 06:14:57,025] {scheduler_job.py:190} INFO - Processing /opt/airflow/dags/mysql_import_dag.py took 0.714 seconds
[2024-06-14 06:15:27,243] {scheduler_job.py:182} INFO - Started process (PID=4150) to work on /opt/airflow/dags/mysql_import_dag.py
[2024-06-14 06:15:27,244] {scheduler_job.py:629} INFO - Processing file /opt/airflow/dags/mysql_import_dag.py for tasks to queue
[2024-06-14 06:15:27,245] {logging_mixin.py:104} INFO - [2024-06-14 06:15:27,245] {dagbag.py:451} INFO - Filling up the DagBag from /opt/airflow/dags/mysql_import_dag.py
[2024-06-14 06:15:27,676] {scheduler_job.py:639} INFO - DAG(s) dict_keys(['mysql_import_dag']) retrieved from /opt/airflow/dags/mysql_import_dag.py
[2024-06-14 06:15:27,694] {logging_mixin.py:104} INFO - [2024-06-14 06:15:27,694] {dag.py:1824} INFO - Sync 1 DAGs
[2024-06-14 06:15:27,712] {logging_mixin.py:104} INFO - [2024-06-14 06:15:27,712] {dag.py:2280} INFO - Setting next_dagrun for mysql_import_dag to 2024-06-01T00:00:00+00:00
[2024-06-14 06:15:27,728] {scheduler_job.py:190} INFO - Processing /opt/airflow/dags/mysql_import_dag.py took 0.489 seconds
[2024-06-14 06:15:58,340] {scheduler_job.py:182} INFO - Started process (PID=4177) to work on /opt/airflow/dags/mysql_import_dag.py
[2024-06-14 06:15:58,343] {scheduler_job.py:629} INFO - Processing file /opt/airflow/dags/mysql_import_dag.py for tasks to queue
[2024-06-14 06:15:58,345] {logging_mixin.py:104} INFO - [2024-06-14 06:15:58,344] {dagbag.py:451} INFO - Filling up the DagBag from /opt/airflow/dags/mysql_import_dag.py
[2024-06-14 06:15:58,673] {scheduler_job.py:639} INFO - DAG(s) dict_keys(['mysql_import_dag']) retrieved from /opt/airflow/dags/mysql_import_dag.py
[2024-06-14 06:15:58,690] {logging_mixin.py:104} INFO - [2024-06-14 06:15:58,690] {dag.py:1824} INFO - Sync 1 DAGs
[2024-06-14 06:15:58,707] {logging_mixin.py:104} INFO - [2024-06-14 06:15:58,707] {dag.py:2280} INFO - Setting next_dagrun for mysql_import_dag to 2024-06-01T00:00:00+00:00
[2024-06-14 06:15:58,724] {scheduler_job.py:190} INFO - Processing /opt/airflow/dags/mysql_import_dag.py took 0.388 seconds
[2024-06-14 06:16:29,482] {scheduler_job.py:182} INFO - Started process (PID=4204) to work on /opt/airflow/dags/mysql_import_dag.py
[2024-06-14 06:16:29,484] {scheduler_job.py:629} INFO - Processing file /opt/airflow/dags/mysql_import_dag.py for tasks to queue
[2024-06-14 06:16:29,485] {logging_mixin.py:104} INFO - [2024-06-14 06:16:29,485] {dagbag.py:451} INFO - Filling up the DagBag from /opt/airflow/dags/mysql_import_dag.py
[2024-06-14 06:16:29,971] {scheduler_job.py:639} INFO - DAG(s) dict_keys(['mysql_import_dag']) retrieved from /opt/airflow/dags/mysql_import_dag.py
[2024-06-14 06:16:30,031] {logging_mixin.py:104} INFO - [2024-06-14 06:16:30,031] {dag.py:1824} INFO - Sync 1 DAGs
[2024-06-14 06:16:30,055] {logging_mixin.py:104} INFO - [2024-06-14 06:16:30,055] {dag.py:2280} INFO - Setting next_dagrun for mysql_import_dag to 2024-06-01T00:00:00+00:00
[2024-06-14 06:16:30,066] {scheduler_job.py:190} INFO - Processing /opt/airflow/dags/mysql_import_dag.py took 0.588 seconds
[2024-06-14 06:17:00,647] {scheduler_job.py:182} INFO - Started process (PID=4231) to work on /opt/airflow/dags/mysql_import_dag.py
[2024-06-14 06:17:00,650] {scheduler_job.py:629} INFO - Processing file /opt/airflow/dags/mysql_import_dag.py for tasks to queue
[2024-06-14 06:17:00,651] {logging_mixin.py:104} INFO - [2024-06-14 06:17:00,651] {dagbag.py:451} INFO - Filling up the DagBag from /opt/airflow/dags/mysql_import_dag.py
[2024-06-14 06:17:01,085] {scheduler_job.py:639} INFO - DAG(s) dict_keys(['mysql_import_dag']) retrieved from /opt/airflow/dags/mysql_import_dag.py
[2024-06-14 06:17:01,107] {logging_mixin.py:104} INFO - [2024-06-14 06:17:01,107] {dag.py:1824} INFO - Sync 1 DAGs
[2024-06-14 06:17:01,130] {logging_mixin.py:104} INFO - [2024-06-14 06:17:01,130] {dag.py:2280} INFO - Setting next_dagrun for mysql_import_dag to 2024-06-01T00:00:00+00:00
[2024-06-14 06:17:01,152] {scheduler_job.py:190} INFO - Processing /opt/airflow/dags/mysql_import_dag.py took 0.512 seconds
[2024-06-14 06:17:31,547] {scheduler_job.py:182} INFO - Started process (PID=4258) to work on /opt/airflow/dags/mysql_import_dag.py
[2024-06-14 06:17:31,549] {scheduler_job.py:629} INFO - Processing file /opt/airflow/dags/mysql_import_dag.py for tasks to queue
[2024-06-14 06:17:31,551] {logging_mixin.py:104} INFO - [2024-06-14 06:17:31,551] {dagbag.py:451} INFO - Filling up the DagBag from /opt/airflow/dags/mysql_import_dag.py
[2024-06-14 06:17:32,043] {scheduler_job.py:639} INFO - DAG(s) dict_keys(['mysql_import_dag']) retrieved from /opt/airflow/dags/mysql_import_dag.py
[2024-06-14 06:17:32,061] {logging_mixin.py:104} INFO - [2024-06-14 06:17:32,061] {dag.py:1824} INFO - Sync 1 DAGs
[2024-06-14 06:17:32,077] {logging_mixin.py:104} INFO - [2024-06-14 06:17:32,077] {dag.py:2280} INFO - Setting next_dagrun for mysql_import_dag to 2024-06-01T00:00:00+00:00
[2024-06-14 06:17:32,097] {scheduler_job.py:190} INFO - Processing /opt/airflow/dags/mysql_import_dag.py took 0.557 seconds
[2024-06-14 06:18:02,955] {scheduler_job.py:182} INFO - Started process (PID=4285) to work on /opt/airflow/dags/mysql_import_dag.py
[2024-06-14 06:18:02,958] {scheduler_job.py:629} INFO - Processing file /opt/airflow/dags/mysql_import_dag.py for tasks to queue
[2024-06-14 06:18:02,959] {logging_mixin.py:104} INFO - [2024-06-14 06:18:02,959] {dagbag.py:451} INFO - Filling up the DagBag from /opt/airflow/dags/mysql_import_dag.py
[2024-06-14 06:18:03,731] {scheduler_job.py:639} INFO - DAG(s) dict_keys(['mysql_import_dag']) retrieved from /opt/airflow/dags/mysql_import_dag.py
[2024-06-14 06:18:03,760] {logging_mixin.py:104} INFO - [2024-06-14 06:18:03,760] {dag.py:1824} INFO - Sync 1 DAGs
[2024-06-14 06:18:03,792] {logging_mixin.py:104} INFO - [2024-06-14 06:18:03,792] {dag.py:2280} INFO - Setting next_dagrun for mysql_import_dag to 2024-06-01T00:00:00+00:00
[2024-06-14 06:18:03,809] {scheduler_job.py:190} INFO - Processing /opt/airflow/dags/mysql_import_dag.py took 0.859 seconds
[2024-06-14 06:22:35,583] {scheduler_job.py:182} INFO - Started process (PID=49) to work on /opt/airflow/dags/mysql_import_dag.py
[2024-06-14 06:22:35,585] {scheduler_job.py:629} INFO - Processing file /opt/airflow/dags/mysql_import_dag.py for tasks to queue
[2024-06-14 06:22:35,586] {logging_mixin.py:104} INFO - [2024-06-14 06:22:35,586] {dagbag.py:451} INFO - Filling up the DagBag from /opt/airflow/dags/mysql_import_dag.py
[2024-06-14 06:22:36,666] {scheduler_job.py:639} INFO - DAG(s) dict_keys(['mysql_import_dag']) retrieved from /opt/airflow/dags/mysql_import_dag.py
[2024-06-14 06:22:36,702] {logging_mixin.py:104} INFO - [2024-06-14 06:22:36,701] {dag.py:1824} INFO - Sync 1 DAGs
[2024-06-14 06:22:36,742] {logging_mixin.py:104} INFO - [2024-06-14 06:22:36,742] {dag.py:2280} INFO - Setting next_dagrun for mysql_import_dag to 2024-06-01T00:00:00+00:00
[2024-06-14 06:22:36,768] {scheduler_job.py:190} INFO - Processing /opt/airflow/dags/mysql_import_dag.py took 1.190 seconds
[2024-06-14 06:23:06,916] {scheduler_job.py:182} INFO - Started process (PID=78) to work on /opt/airflow/dags/mysql_import_dag.py
[2024-06-14 06:23:06,918] {scheduler_job.py:629} INFO - Processing file /opt/airflow/dags/mysql_import_dag.py for tasks to queue
[2024-06-14 06:23:06,919] {logging_mixin.py:104} INFO - [2024-06-14 06:23:06,919] {dagbag.py:451} INFO - Filling up the DagBag from /opt/airflow/dags/mysql_import_dag.py
[2024-06-14 06:23:07,811] {scheduler_job.py:639} INFO - DAG(s) dict_keys(['mysql_import_dag']) retrieved from /opt/airflow/dags/mysql_import_dag.py
[2024-06-14 06:23:07,850] {logging_mixin.py:104} INFO - [2024-06-14 06:23:07,850] {dag.py:1824} INFO - Sync 1 DAGs
[2024-06-14 06:23:07,898] {logging_mixin.py:104} INFO - [2024-06-14 06:23:07,898] {dag.py:2280} INFO - Setting next_dagrun for mysql_import_dag to 2024-06-01T00:00:00+00:00
[2024-06-14 06:23:07,960] {scheduler_job.py:190} INFO - Processing /opt/airflow/dags/mysql_import_dag.py took 1.051 seconds
[2024-06-14 06:23:38,089] {scheduler_job.py:182} INFO - Started process (PID=105) to work on /opt/airflow/dags/mysql_import_dag.py
[2024-06-14 06:23:38,094] {scheduler_job.py:629} INFO - Processing file /opt/airflow/dags/mysql_import_dag.py for tasks to queue
[2024-06-14 06:23:38,097] {logging_mixin.py:104} INFO - [2024-06-14 06:23:38,097] {dagbag.py:451} INFO - Filling up the DagBag from /opt/airflow/dags/mysql_import_dag.py
[2024-06-14 06:23:38,909] {scheduler_job.py:639} INFO - DAG(s) dict_keys(['mysql_import_dag']) retrieved from /opt/airflow/dags/mysql_import_dag.py
[2024-06-14 06:23:38,930] {logging_mixin.py:104} INFO - [2024-06-14 06:23:38,930] {dag.py:1824} INFO - Sync 1 DAGs
[2024-06-14 06:23:38,952] {logging_mixin.py:104} INFO - [2024-06-14 06:23:38,952] {dag.py:2280} INFO - Setting next_dagrun for mysql_import_dag to 2024-06-01T00:00:00+00:00
[2024-06-14 06:23:38,963] {scheduler_job.py:190} INFO - Processing /opt/airflow/dags/mysql_import_dag.py took 0.878 seconds
